<?xml version="1.0" encoding="UTF-8"?>
<testng-results skipped="0" failed="1" total="7" passed="6">
  <reporter-output>
  </reporter-output>
  <suite name="Regression" duration-ms="96" started-at="2019-09-17T16:45:22Z" finished-at="2019-09-17T16:45:22Z">
    <groups>
      <group name="Smoke">
        <method signature="Day1.Demo()[pri:0, instance:Test.Day1@4de8b406]" name="Demo" class="Test.Day1"/>
        <method signature="Day2.Test_3()[pri:0, instance:Test.Day2@48eff760]" name="Test_3" class="Test.Day2"/>
        <method signature="Day3.MobileLoginCarLoan()[pri:0, instance:Test.Day3@573f2bb1]" name="MobileLoginCarLoan" class="Test.Day3"/>
        <method signature="Day4.MobileLoginHomeLoan()[pri:0, instance:Test.Day4@402f32ff]" name="MobileLoginHomeLoan" class="Test.Day4"/>
      </group> <!-- Smoke -->
      <group name="First">
        <method signature="Day1.Demo_2()[pri:0, instance:Test.Day1@4de8b406]" name="Demo_2" class="Test.Day1"/>
        <method signature="Day3.MobileSignInCarLoan()[pri:0, instance:Test.Day3@573f2bb1]" name="MobileSignInCarLoan" class="Test.Day3"/>
        <method signature="Day3.WebLoginCarLoan()[pri:0, instance:Test.Day3@573f2bb1]" name="WebLoginCarLoan" class="Test.Day3"/>
      </group> <!-- First -->
    </groups>
    <test name="Test" duration-ms="96" started-at="2019-09-17T16:45:22Z" finished-at="2019-09-17T16:45:22Z">
      <class name="Test.Day2">
        <test-method status="PASS" signature="Test_3()[pri:0, instance:Test.Day2@48eff760]" name="Test_3" duration-ms="5" started-at="2019-09-17T09:45:22Z" finished-at="2019-09-17T09:45:22Z">
          <reporter-output>
          </reporter-output>
        </test-method> <!-- Test_3 -->
      </class> <!-- Test.Day2 -->
      <class name="Test.Day3">
        <test-method status="PASS" signature="MobileLoginCarLoan()[pri:0, instance:Test.Day3@573f2bb1]" name="MobileLoginCarLoan" duration-ms="4" started-at="2019-09-17T09:45:22Z" finished-at="2019-09-17T09:45:22Z">
          <reporter-output>
          </reporter-output>
        </test-method> <!-- MobileLoginCarLoan -->
        <test-method status="PASS" signature="MobileSignInCarLoan()[pri:0, instance:Test.Day3@573f2bb1]" name="MobileSignInCarLoan" duration-ms="2" started-at="2019-09-17T09:45:22Z" finished-at="2019-09-17T09:45:22Z">
          <reporter-output>
          </reporter-output>
        </test-method> <!-- MobileSignInCarLoan -->
        <test-method status="PASS" signature="WebLoginCarLoan()[pri:0, instance:Test.Day3@573f2bb1]" name="WebLoginCarLoan" duration-ms="2" started-at="2019-09-17T09:45:22Z" finished-at="2019-09-17T09:45:22Z">
          <reporter-output>
          </reporter-output>
        </test-method> <!-- WebLoginCarLoan -->
      </class> <!-- Test.Day3 -->
      <class name="Test.Day1">
        <test-method status="PASS" signature="Demo()[pri:0, instance:Test.Day1@4de8b406]" name="Demo" duration-ms="22" started-at="2019-09-17T09:45:22Z" finished-at="2019-09-17T09:45:22Z">
          <reporter-output>
          </reporter-output>
        </test-method> <!-- Demo -->
        <test-method status="FAIL" signature="Demo_2()[pri:0, instance:Test.Day1@4de8b406]" name="Demo_2" duration-ms="5" started-at="2019-09-17T09:45:22Z" finished-at="2019-09-17T09:45:22Z">
          <exception class="java.lang.AssertionError">
            <message>
              <![CDATA[expected [true] but found [false]]]>
            </message>
            <full-stacktrace>
              <![CDATA[java.lang.AssertionError: expected [true] but found [false]
	at org.testng.Assert.fail(Assert.java:94)
	at org.testng.Assert.failNotEquals(Assert.java:513)
	at org.testng.Assert.assertTrue(Assert.java:42)
	at org.testng.Assert.assertTrue(Assert.java:52)
	at Test.Day1.Demo_2(Day1.java:33)
	at sun.reflect.NativeMethodAccessorImpl.invoke0(Native Method)
	at sun.reflect.NativeMethodAccessorImpl.invoke(Unknown Source)
	at sun.reflect.DelegatingMethodAccessorImpl.invoke(Unknown Source)
	at java.lang.reflect.Method.invoke(Unknown Source)
	at org.testng.internal.MethodInvocationHelper.invokeMethod(MethodInvocationHelper.java:100)
	at org.testng.internal.Invoker.invokeMethod(Invoker.java:646)
	at org.testng.internal.Invoker.invokeTestMethod(Invoker.java:811)
	at org.testng.internal.Invoker.invokeTestMethods(Invoker.java:1137)
	at org.testng.internal.TestMethodWorker.invokeTestMethods(TestMethodWorker.java:129)
	at org.testng.internal.TestMethodWorker.run(TestMethodWorker.java:112)
	at org.testng.TestRunner.privateRun(TestRunner.java:753)
	at org.testng.TestRunner.run(TestRunner.java:607)
	at org.testng.SuiteRunner.runTest(SuiteRunner.java:368)
	at org.testng.SuiteRunner.access$000(SuiteRunner.java:39)
	at org.testng.SuiteRunner$SuiteWorker.run(SuiteRunner.java:402)
	at org.testng.internal.thread.ThreadUtil$2.call(ThreadUtil.java:64)
	at java.util.concurrent.FutureTask.run(Unknown Source)
	at java.util.concurrent.ThreadPoolExecutor.runWorker(Unknown Source)
	at java.util.concurrent.ThreadPoolExecutor$Worker.run(Unknown Source)
	at java.lang.Thread.run(Unknown Source)
]]>
            </full-stacktrace>
          </exception> <!-- java.lang.AssertionError -->
          <reporter-output>
          </reporter-output>
        </test-method> <!-- Demo_2 -->
      </class> <!-- Test.Day1 -->
      <class name="Test.Day4">
        <test-method status="PASS" signature="MobileLoginHomeLoan()[pri:0, instance:Test.Day4@402f32ff]" name="MobileLoginHomeLoan" duration-ms="4" started-at="2019-09-17T09:45:22Z" finished-at="2019-09-17T09:45:22Z">
          <reporter-output>
          </reporter-output>
        </test-method> <!-- MobileLoginHomeLoan -->
      </class> <!-- Test.Day4 -->
    </test> <!-- Test -->
  </suite> <!-- Regression -->
</testng-results>
